<?xml version="1.0" encoding="UTF-8"?>
<!-- Generated by org.testng.reporters.JUnitReportReporter -->
<testsuite hostname="Enthrall_IT" failures="0" tests="1" name="testPages.HomePageTest" time="5.294" errors="0" timestamp="2022-09-25T18:20:28 EDT" skipped="0">
  <testcase classname="testPages.HomePageTest" name="logoTest" time="5.294"/>
  <system-out/>
</testsuite> <!-- testPages.HomePageTest -->
